<?xml version="1.0" encoding="UTF-8"?>
<!-- Generated by org.testng.reporters.JUnitXMLReporter -->
<testsuite ignored="0" hostname="DESKTOP-V8TS46C" failures="0" tests="4" name="Default test" time="18.359" errors="0" timestamp="2023-08-03T22:33:28 IST">
  <testcase classname="com.qa.opencart.tests.LoginPageTest" name="forgotPwdLinkExistsTest" time="0.152"/>
  <testcase classname="com.qa.opencart.tests.LoginPageTest" name="loginPage" time="0.877"/>
  <testcase classname="com.qa.opencart.tests.LoginPageTest" name="loginPageTitleTest" time="0.063"/>
  <testcase classname="com.qa.opencart.tests.LoginPageTest" name="loginPageURLTest" time="0.022"/>
</testsuite> <!-- Default test -->
