<?xml version="1.0" encoding="UTF-8"?>
<testng-results ignored="0" total="4" passed="4" failed="0" skipped="0">
  <reporter-output>
  </reporter-output>
  <suite started-at="2023-08-03T22:33:09 IST" name="Default suite" finished-at="2023-08-03T22:33:28 IST" duration-ms="18359">
    <groups>
    </groups>
    <test started-at="2023-08-03T22:33:09 IST" name="Default test" finished-at="2023-08-03T22:33:28 IST" duration-ms="18359">
      <class name="com.qa.opencart.tests.LoginPageTest">
        <test-method is-config="true" signature="setUp()[pri:0, instance:com.qa.opencart.tests.LoginPageTest@5a45133e]" started-at="2023-08-03T22:33:09 IST" name="setUp" finished-at="2023-08-03T22:33:26 IST" duration-ms="16801" status="PASS">
          <reporter-output>
          </reporter-output>
        </test-method> <!-- setUp -->
        <test-method signature="forgotPwdLinkExistsTest()[pri:0, instance:com.qa.opencart.tests.LoginPageTest@5a45133e]" started-at="2023-08-03T22:33:26 IST" name="forgotPwdLinkExistsTest" finished-at="2023-08-03T22:33:26 IST" duration-ms="152" status="PASS">
          <reporter-output>
          </reporter-output>
        </test-method> <!-- forgotPwdLinkExistsTest -->
        <test-method signature="loginPage()[pri:0, instance:com.qa.opencart.tests.LoginPageTest@5a45133e]" started-at="2023-08-03T22:33:26 IST" name="loginPage" finished-at="2023-08-03T22:33:27 IST" duration-ms="877" status="PASS">
          <reporter-output>
          </reporter-output>
        </test-method> <!-- loginPage -->
        <test-method signature="loginPageTitleTest()[pri:0, instance:com.qa.opencart.tests.LoginPageTest@5a45133e]" started-at="2023-08-03T22:33:27 IST" name="loginPageTitleTest" finished-at="2023-08-03T22:33:27 IST" duration-ms="63" status="PASS">
          <reporter-output>
          </reporter-output>
        </test-method> <!-- loginPageTitleTest -->
        <test-method signature="loginPageURLTest()[pri:0, instance:com.qa.opencart.tests.LoginPageTest@5a45133e]" started-at="2023-08-03T22:33:27 IST" name="loginPageURLTest" finished-at="2023-08-03T22:33:27 IST" duration-ms="22" status="PASS">
          <reporter-output>
          </reporter-output>
        </test-method> <!-- loginPageURLTest -->
        <test-method is-config="true" signature="tearDown()[pri:0, instance:com.qa.opencart.tests.LoginPageTest@5a45133e]" started-at="2023-08-03T22:33:27 IST" name="tearDown" finished-at="2023-08-03T22:33:28 IST" duration-ms="314" status="PASS">
          <reporter-output>
          </reporter-output>
        </test-method> <!-- tearDown -->
      </class> <!-- com.qa.opencart.tests.LoginPageTest -->
    </test> <!-- Default test -->
  </suite> <!-- Default suite -->
</testng-results>
